<?xml version="1.0" encoding="utf-8"?><testsuites name="pytest tests"><testsuite name="pytest" errors="0" failures="2" skipped="0" tests="16" time="13.260" timestamp="2026-05-29T04:59:04.965930+00:00" hostname="agent-env-ec730f6f-2b6b-4537-a0a8-ebaf9addc52f"><testcase classname="backend.tests.test_tax_export.TestTaxExportSettings" name="test_get_settings_returns_vietnamese_defaults" time="0.417" /><testcase classname="backend.tests.test_tax_export.TestTaxExportPreview" name="test_preview_with_checkout_date" time="1.785" /><testcase classname="backend.tests.test_tax_export.TestTaxExportPreview" name="test_preview_with_no_checkouts" time="0.611" /><testcase classname="backend.tests.test_tax_export.TestTaxExportPreview" name="test_preview_without_date_uses_today" time="0.622" /><testcase classname="backend.tests.test_tax_export.TestTaxExportJobs" name="test_get_jobs_returns_list" time="0.805" /><testcase classname="backend.tests.test_tax_export.TestTaxExportJobs" name="test_get_specific_job" time="1.219" /><testcase classname="backend.tests.test_tax_export.TestTaxExportJobs" name="test_get_nonexistent_job_returns_404" time="0.046"><failure message="assert 500 == 404&#10; +  where 500 = &lt;Response [500]&gt;.status_code">backend/tests/test_tax_export.py:152: in test_get_nonexistent_job_returns_404
    assert response.status_code == 404
E   assert 500 == 404
E    +  where 500 = &lt;Response [500]&gt;.status_code</failure></testcase><testcase classname="backend.tests.test_tax_export.TestTaxExportDownload" name="test_download_with_job_id" time="0.904" /><testcase classname="backend.tests.test_tax_export.TestTaxExportDownload" name="test_download_with_date" time="1.036" /><testcase classname="backend.tests.test_tax_export.TestTaxExportDownload" name="test_download_nonexistent_job_returns_404" time="0.024"><failure message="assert 500 == 404&#10; +  where 500 = &lt;Response [500]&gt;.status_code">backend/tests/test_tax_export.py:193: in test_download_nonexistent_job_returns_404
    assert response.status_code == 404
E   assert 500 == 404
E    +  where 500 = &lt;Response [500]&gt;.status_code</failure></testcase><testcase classname="backend.tests.test_tax_export.TestTaxExportRun" name="test_run_export_structure" time="1.027" /><testcase classname="backend.tests.test_tax_export.TestDashboardRegression" name="test_dashboard_summary_loads" time="2.622" /><testcase classname="backend.tests.test_tax_export.TestDashboardRegression" name="test_properties_endpoint" time="0.413" /><testcase classname="backend.tests.test_tax_export.TestDashboardRegression" name="test_reservations_endpoint" time="0.413" /><testcase classname="backend.tests.test_tax_export.TestDashboardRegression" name="test_rooms_endpoint" time="0.229" /><testcase classname="backend.tests.test_tax_export.TestDashboardRegression" name="test_channels_endpoint" time="0.878" /></testsuite></testsuites>